D:\C\1\MSBuild\Microsoft\VC\v170\Microsoft.CppBuild.targets(531,5): warning MSB8028: 中间目录(x64\Debug\)包含从另一个项目(链表测试.vcxproj)共享的文件。   这会导致错误的清除和重新生成行为。
  不要小瞧了链表啊.c
C:\Users\31338\Desktop\东东\VS存档\链表测试\PassStatement.h(167,38): warning C4047: “函数”:“Passenger **”与“Passenger ***”的间接级别不同
C:\Users\31338\Desktop\东东\VS存档\链表测试\PassStatement.h(167,38): warning C4024: “appendPassengerNode”: 形参和实参 1 的类型不同
C:\Users\31338\Desktop\东东\VS存档\链表测试\PassStatement.h(168,30): warning C4047: “函数”:“Passenger **”与“Passenger ***”的间接级别不同
C:\Users\31338\Desktop\东东\VS存档\链表测试\PassStatement.h(168,30): warning C4024: “PassengerWriteListToNode”: 形参和实参 1 的类型不同
C:\Users\31338\Desktop\东东\VS存档\链表测试\PassStatement.h(169,30): warning C4047: “函数”:“Passenger **”与“Passenger ***”的间接级别不同
C:\Users\31338\Desktop\东东\VS存档\链表测试\PassStatement.h(169,30): warning C4024: “PassengerWriteListToFile”: 形参和实参 1 的类型不同
C:\Users\31338\Desktop\东东\VS存档\链表测试\PassStatement.h(177,31): warning C4047: “函数”:“Passenger **”与“Passenger ***”的间接级别不同
C:\Users\31338\Desktop\东东\VS存档\链表测试\PassStatement.h(177,31): warning C4024: “PassengerReadListFromFile”: 形参和实参 1 的类型不同
C:\Users\31338\Desktop\东东\VS存档\链表测试\PassStatement.h(178,24): warning C4047: “函数”:“Passenger *”与“Passenger **”的间接级别不同
C:\Users\31338\Desktop\东东\VS存档\链表测试\PassStatement.h(178,24): warning C4024: “printPassengerList”: 形参和实参 1 的类型不同
C:\Users\31338\Desktop\东东\VS存档\链表测试\FlightStatement.h(82,18): warning C4022: “free”: 指针与实参 1 不匹配
C:\Users\31338\Desktop\东东\VS存档\链表测试\FlightStatement.h(83,18): warning C4022: “free”: 指针与实参 1 不匹配
C:\Users\31338\Desktop\东东\VS存档\链表测试\FlightStatement.h(84,18): warning C4022: “free”: 指针与实参 1 不匹配
C:\Users\31338\Desktop\东东\VS存档\链表测试\FlightStatement.h(85,18): warning C4022: “free”: 指针与实参 1 不匹配
C:\Users\31338\Desktop\东东\VS存档\链表测试\FlightStatement.h(86,18): warning C4022: “free”: 指针与实参 1 不匹配
C:\Users\31338\Desktop\东东\VS存档\链表测试\FlightStatement.h(184,35): warning C4047: “函数”:“Flight **”与“Flight ***”的间接级别不同
C:\Users\31338\Desktop\东东\VS存档\链表测试\FlightStatement.h(184,35): warning C4024: “appendFlightNode”: 形参和实参 1 的类型不同
C:\Users\31338\Desktop\东东\VS存档\链表测试\FlightStatement.h(185,27): warning C4047: “函数”:“Flight **”与“Flight ***”的间接级别不同
C:\Users\31338\Desktop\东东\VS存档\链表测试\FlightStatement.h(185,27): warning C4024: “FlightWriteListToNode”: 形参和实参 1 的类型不同
C:\Users\31338\Desktop\东东\VS存档\链表测试\FlightStatement.h(186,27): warning C4047: “函数”:“Flight **”与“Flight ***”的间接级别不同
C:\Users\31338\Desktop\东东\VS存档\链表测试\FlightStatement.h(186,27): warning C4024: “FlightWriteListToFile”: 形参和实参 1 的类型不同
C:\Users\31338\Desktop\东东\VS存档\链表测试\FlightStatement.h(194,28): warning C4047: “函数”:“Flight **”与“Flight ***”的间接级别不同
C:\Users\31338\Desktop\东东\VS存档\链表测试\FlightStatement.h(194,28): warning C4024: “FlightReadListFromFile”: 形参和实参 1 的类型不同
C:\Users\31338\Desktop\东东\VS存档\链表测试\FlightStatement.h(195,21): warning C4047: “函数”:“Flight *”与“Flight **”的间接级别不同
C:\Users\31338\Desktop\东东\VS存档\链表测试\FlightStatement.h(195,21): warning C4024: “printFlightList”: 形参和实参 1 的类型不同
  链表测试.vcxproj -> C:\Users\31338\Desktop\东东\VS存档\链表测试\x64\Debug\机票预订.exe
